[2026-02-17 08:33:08] local.ERROR: Database connection [MySQL] not configured. {"exception":"[object] (InvalidArgumentException(code: 0): Database connection [MySQL] not configured. at D:/SecondYear/SemOne/MagnaCreditLiited/magna-credit-app-backend/vendor/laravel/framework/src/Illuminate/Database/DatabaseManager.php:221)
[stacktrace]
#0 D:/SecondYear/SemOne/MagnaCreditLiited/magna-credit-app-backend/vendor/laravel/framework/src/Illuminate/Database/DatabaseManager.php(187): Illuminate/Database/DatabaseManager->configuration('MySQL')
#1 D:/SecondYear/SemOne/MagnaCreditLiited/magna-credit-app-backend/vendor/laravel/framework/src/Illuminate/Database/DatabaseManager.php(102): Illuminate/Database/DatabaseManager->makeConnection('MySQL')
#2 D:/SecondYear/SemOne/MagnaCreditLiited/magna-credit-app-backend/vendor/laravel/framework/src/Illuminate/Cache/CacheManager.php(190): Illuminate/Database/DatabaseManager->connection('MySQL')
#3 D:/SecondYear/SemOne/MagnaCreditLiited/magna-credit-app-backend/vendor/laravel/framework/src/Illuminate/Cache/CacheManager.php(141): Illuminate/Cache/CacheManager->createDatabaseDriver(Array)
#4 D:/SecondYear/SemOne/MagnaCreditLiited/magna-credit-app-backend/vendor/laravel/framework/src/Illuminate/Cache/CacheManager.php(119): Illuminate/Cache/CacheManager->build(Array)
#5 D:/SecondYear/SemOne/MagnaCreditLiited/magna-credit-app-backend/vendor/laravel/framework/src/Illuminate/Cache/CacheManager.php(62): Illuminate/Cache/CacheManager->resolve('database')
#6 D:/SecondYear/SemOne/MagnaCreditLiited/magna-credit-app-backend/vendor/laravel/framework/src/Illuminate/Cache/CacheManager.php(73): Illuminate/Cache/CacheManager->store('database')
#7 D:/SecondYear/SemOne/MagnaCreditLiited/magna-credit-app-backend/vendor/laravel/framework/src/Illuminate/Cache/CacheServiceProvider.php(35): Illuminate/Cache/CacheManager->driver(NULL)
#8 D:/SecondYear/SemOne/MagnaCreditLiited/magna-credit-app-backend/vendor/laravel/framework/src/Illuminate/Container/Container.php(1115): Illuminate/Cache/CacheServiceProvider->{closure:Illuminate/Cache/CacheServiceProvider::register():34}(Object(Illuminate/Foundation/Application), Array)
#9 D:/SecondYear/SemOne/MagnaCreditLiited/magna-credit-app-backend/vendor/laravel/framework/src/Illuminate/Container/Container.php(933): Illuminate/Container/Container->build(Object(Closure))
#10 D:/SecondYear/SemOne/MagnaCreditLiited/magna-credit-app-backend/vendor/laravel/framework/src/Illuminate/Foundation/Application.php(1078): Illuminate/Container/Container->resolve('Illuminate//Cach...', Array, true)
#11 D:/SecondYear/SemOne/MagnaCreditLiited/magna-credit-app-backend/vendor/laravel/framework/src/Illuminate/Container/Container.php(864): Illuminate/Foundation/Application->resolve('Illuminate//Cach...', Array)
#12 D:/SecondYear/SemOne/MagnaCreditLiited/magna-credit-app-backend/vendor/laravel/framework/src/Illuminate/Foundation/Application.php(1058): Illuminate/Container/Container->make('Illuminate//Cach...', Array)
#13 D:/SecondYear/SemOne/MagnaCreditLiited/magna-credit-app-backend/vendor/laravel/framework/src/Illuminate/Container/Container.php(1805): Illuminate/Foundation/Application->make('Illuminate//Cach...')
#14 D:/SecondYear/SemOne/MagnaCreditLiited/magna-credit-app-backend/vendor/laravel/framework/src/Illuminate/Support/Facades/Facade.php(240): Illuminate/Container/Container->offsetGet('Illuminate//Cach...')
#15 D:/SecondYear/SemOne/MagnaCreditLiited/magna-credit-app-backend/vendor/laravel/framework/src/Illuminate/Support/Facades/Facade.php(211): Illuminate/Support/Facades/Facade::resolveFacadeInstance('Illuminate//Cach...')
#16 D:/SecondYear/SemOne/MagnaCreditLiited/magna-credit-app-backend/vendor/laravel/framework/src/Illuminate/Support/Facades/Facade.php(357): Illuminate/Support/Facades/Facade::getFacadeRoot()
#17 D:/SecondYear/SemOne/MagnaCreditLiited/magna-credit-app-backend/app/Providers/FortifyServiceProvider.php(62): Illuminate/Support/Facades/Facade::__callStatic('for', Array)
#18 D:/SecondYear/SemOne/MagnaCreditLiited/magna-credit-app-backend/app/Providers/FortifyServiceProvider.php(31): App/Providers/FortifyServiceProvider->configureRateLimiting()
#19 D:/SecondYear/SemOne/MagnaCreditLiited/magna-credit-app-backend/vendor/laravel/framework/src/Illuminate/Container/BoundMethod.php(36): App/Providers/FortifyServiceProvider->boot()
#20 D:/SecondYear/SemOne/MagnaCreditLiited/magna-credit-app-backend/vendor/laravel/framework/src/Illuminate/Container/Util.php(43): Illuminate/Container/BoundMethod::{closure:Illuminate/Container/BoundMethod::call():35}()
#21 D:/SecondYear/SemOne/MagnaCreditLiited/magna-credit-app-backend/vendor/laravel/framework/src/Illuminate/Container/BoundMethod.php(96): Illuminate/Container/Util::unwrapIfClosure(Object(Closure))
#22 D:/SecondYear/SemOne/MagnaCreditLiited/magna-credit-app-backend/vendor/laravel/framework/src/Illuminate/Container/BoundMethod.php(35): Illuminate/Container/BoundMethod::callBoundMethod(Object(Illuminate/Foundation/Application), Array, Object(Closure))
#23 D:/SecondYear/SemOne/MagnaCreditLiited/magna-credit-app-backend/vendor/laravel/framework/src/Illuminate/Container/Container.php(799): Illuminate/Container/BoundMethod::call(Object(Illuminate/Foundation/Application), Array, Array, NULL)
#24 D:/SecondYear/SemOne/MagnaCreditLiited/magna-credit-app-backend/vendor/laravel/framework/src/Illuminate/Foundation/Application.php(1151): Illuminate/Container/Container->call(Array)
#25 D:/SecondYear/SemOne/MagnaCreditLiited/magna-credit-app-backend/vendor/laravel/framework/src/Illuminate/Foundation/Application.php(1132): Illuminate/Foundation/Application->bootProvider(Object(App/Providers/FortifyServiceProvider))
#26 [internal function]: Illuminate/Foundation/Application->{closure:Illuminate/Foundation/Application::boot():1131}(Object(App/Providers/FortifyServiceProvider), 'App//Providers//F...')
#27 D:/SecondYear/SemOne/MagnaCreditLiited/magna-credit-app-backend/vendor/laravel/framework/src/Illuminate/Foundation/Application.php(1131): array_walk(Array, Object(Closure))
#28 D:/SecondYear/SemOne/MagnaCreditLiited/magna-credit-app-backend/vendor/laravel/framework/src/Illuminate/Foundation/Bootstrap/BootProviders.php(17): Illuminate/Foundation/Application->boot()
#29 D:/SecondYear/SemOne/MagnaCreditLiited/magna-credit-app-backend/vendor/laravel/framework/src/Illuminate/Foundation/Application.php(342): Illuminate/Foundation/Bootstrap/BootProviders->bootstrap(Object(Illuminate/Foundation/Application))
#30 D:/SecondYear/SemOne/MagnaCreditLiited/magna-credit-app-backend/vendor/laravel/framework/src/Illuminate/Foundation/Console/Kernel.php(494): Illuminate/Foundation/Application->bootstrapWith(Array)
#31 D:/SecondYear/SemOne/MagnaCreditLiited/magna-credit-app-backend/vendor/laravel/framework/src/Illuminate/Foundation/Console/Kernel.php(196): Illuminate/Foundation/Console/Kernel->bootstrap()
#32 D:/SecondYear/SemOne/MagnaCreditLiited/magna-credit-app-backend/vendor/laravel/framework/src/Illuminate/Foundation/Application.php(1235): Illuminate/Foundation/Console/Kernel->handle(Object(Symfony/Component/Console/Input/ArgvInput), Object(Symfony/Component/Console/Output/ConsoleOutput))
#33 D:/SecondYear/SemOne/MagnaCreditLiited/magna-credit-app-backend/artisan(16): Illuminate/Foundation/Application->handleCommand(Object(Symfony/Component/Console/Input/ArgvInput))
#34 {main}
"} 
[2026-02-17 09:18:30] local.ERROR: Cannot redeclare class App\Http\Controllers\Api\AuthController (previously declared in D:\SecondYear\SemOne\MagnaCreditLiited\magna-credit-app-backend\app\Http\Controllers\Api\AuthController.php:8) {"exception":"[object] (Symfony\\Component\\ErrorHandler\\Error\\FatalError(code: 0): Cannot redeclare class App\\Http\\Controllers\\Api\\AuthController (previously declared in D:\\SecondYear\\SemOne\\MagnaCreditLiited\\magna-credit-app-backend\\app\\Http\\Controllers\\Api\\AuthController.php:8) at D:/SecondYear/SemOne/MagnaCreditLiited/magna-credit-app-backend/app/Http/Controllers/Controller.php:10)
[stacktrace]
#0 {main}
"} 
[2026-02-17 09:24:43] local.ERROR: Cannot redeclare class App\Http\Controllers\Api\AuthController (previously declared in D:\SecondYear\SemOne\MagnaCreditLiited\magna-credit-app-backend\app\Http\Controllers\Api\AuthController.php:8) {"exception":"[object] (Symfony\\Component\\ErrorHandler\\Error\\FatalError(code: 0): Cannot redeclare class App\\Http\\Controllers\\Api\\AuthController (previously declared in D:\\SecondYear\\SemOne\\MagnaCreditLiited\\magna-credit-app-backend\\app\\Http\\Controllers\\Api\\AuthController.php:8) at D:/SecondYear/SemOne/MagnaCreditLiited/magna-credit-app-backend/app/Http/Controllers/Controller.php:10)
[stacktrace]
#0 {main}
"} 
[2026-02-17 09:24:52] local.ERROR: Cannot redeclare class App\Http\Controllers\Api\AuthController (previously declared in D:\SecondYear\SemOne\MagnaCreditLiited\magna-credit-app-backend\app\Http\Controllers\Api\AuthController.php:8) {"exception":"[object] (Symfony\\Component\\ErrorHandler\\Error\\FatalError(code: 0): Cannot redeclare class App\\Http\\Controllers\\Api\\AuthController (previously declared in D:\\SecondYear\\SemOne\\MagnaCreditLiited\\magna-credit-app-backend\\app\\Http\\Controllers\\Api\\AuthController.php:8) at D:/SecondYear/SemOne/MagnaCreditLiited/magna-credit-app-backend/app/Http/Controllers/Controller.php:10)
[stacktrace]
#0 {main}
"} 
[2026-02-17 09:24:55] local.ERROR: Cannot redeclare class App\Http\Controllers\Api\AuthController (previously declared in D:\SecondYear\SemOne\MagnaCreditLiited\magna-credit-app-backend\app\Http\Controllers\Api\AuthController.php:8) {"exception":"[object] (Symfony\\Component\\ErrorHandler\\Error\\FatalError(code: 0): Cannot redeclare class App\\Http\\Controllers\\Api\\AuthController (previously declared in D:\\SecondYear\\SemOne\\MagnaCreditLiited\\magna-credit-app-backend\\app\\Http\\Controllers\\Api\\AuthController.php:8) at D:/SecondYear/SemOne/MagnaCreditLiited/magna-credit-app-backend/app/Http/Controllers/Controller.php:10)
[stacktrace]
#0 {main}
"} 
[2026-02-17 09:25:43] local.ERROR: Cannot redeclare class App\Http\Controllers\Api\AuthController (previously declared in D:\SecondYear\SemOne\MagnaCreditLiited\magna-credit-app-backend\app\Http\Controllers\Api\AuthController.php:8) {"exception":"[object] (Symfony\\Component\\ErrorHandler\\Error\\FatalError(code: 0): Cannot redeclare class App\\Http\\Controllers\\Api\\AuthController (previously declared in D:\\SecondYear\\SemOne\\MagnaCreditLiited\\magna-credit-app-backend\\app\\Http\\Controllers\\Api\\AuthController.php:8) at D:/SecondYear/SemOne/MagnaCreditLiited/magna-credit-app-backend/app/Http/Controllers/Controller.php:10)
[stacktrace]
#0 {main}
"} 
[2026-02-17 09:31:15] local.ERROR: Cannot redeclare class App\Http\Controllers\Api\AuthController (previously declared in D:\SecondYear\SemOne\MagnaCreditLiited\magna-credit-app-backend\app\Http\Controllers\Api\AuthController.php:8) {"exception":"[object] (Symfony\\Component\\ErrorHandler\\Error\\FatalError(code: 0): Cannot redeclare class App\\Http\\Controllers\\Api\\AuthController (previously declared in D:\\SecondYear\\SemOne\\MagnaCreditLiited\\magna-credit-app-backend\\app\\Http\\Controllers\\Api\\AuthController.php:8) at D:/SecondYear/SemOne/MagnaCreditLiited/magna-credit-app-backend/app/Http/Controllers/Controller.php:10)
[stacktrace]
#0 {main}
"} 
[2026-02-17 09:32:16] local.ERROR: Cannot redeclare class App\Http\Controllers\Api\AuthController (previously declared in D:\SecondYear\SemOne\MagnaCreditLiited\magna-credit-app-backend\app\Http\Controllers\Api\AuthController.php:8) {"exception":"[object] (Symfony\\Component\\ErrorHandler\\Error\\FatalError(code: 0): Cannot redeclare class App\\Http\\Controllers\\Api\\AuthController (previously declared in D:\\SecondYear\\SemOne\\MagnaCreditLiited\\magna-credit-app-backend\\app\\Http\\Controllers\\Api\\AuthController.php:8) at D:/SecondYear/SemOne/MagnaCreditLiited/magna-credit-app-backend/app/Http/Controllers/Controller.php:10)
[stacktrace]
#0 {main}
"} 
[2026-02-17 09:33:01] local.ERROR: Cannot redeclare class App\Http\Controllers\Api\AuthController (previously declared in D:\SecondYear\SemOne\MagnaCreditLiited\magna-credit-app-backend\app\Http\Controllers\Api\AuthController.php:8) {"exception":"[object] (Symfony\\Component\\ErrorHandler\\Error\\FatalError(code: 0): Cannot redeclare class App\\Http\\Controllers\\Api\\AuthController (previously declared in D:\\SecondYear\\SemOne\\MagnaCreditLiited\\magna-credit-app-backend\\app\\Http\\Controllers\\Api\\AuthController.php:8) at D:/SecondYear/SemOne/MagnaCreditLiited/magna-credit-app-backend/app/Http/Controllers/Controller.php:10)
[stacktrace]
#0 {main}
"} 
[2026-02-17 09:35:54] local.ERROR: Cannot redeclare class App\Http\Controllers\Api\AuthController (previously declared in D:\SecondYear\SemOne\MagnaCreditLiited\magna-credit-app-backend\app\Http\Controllers\Api\AuthController.php:8) {"exception":"[object] (Symfony\\Component\\ErrorHandler\\Error\\FatalError(code: 0): Cannot redeclare class App\\Http\\Controllers\\Api\\AuthController (previously declared in D:\\SecondYear\\SemOne\\MagnaCreditLiited\\magna-credit-app-backend\\app\\Http\\Controllers\\Api\\AuthController.php:8) at D:/SecondYear/SemOne/MagnaCreditLiited/magna-credit-app-backend/app/Http/Controllers/Controller.php:10)
[stacktrace]
#0 {main}
"} 
[2026-02-17 09:36:07] local.ERROR: Cannot redeclare class App\Http\Controllers\Api\AuthController (previously declared in D:\SecondYear\SemOne\MagnaCreditLiited\magna-credit-app-backend\app\Http\Controllers\Api\AuthController.php:8) {"exception":"[object] (Symfony\\Component\\ErrorHandler\\Error\\FatalError(code: 0): Cannot redeclare class App\\Http\\Controllers\\Api\\AuthController (previously declared in D:\\SecondYear\\SemOne\\MagnaCreditLiited\\magna-credit-app-backend\\app\\Http\\Controllers\\Api\\AuthController.php:8) at D:/SecondYear/SemOne/MagnaCreditLiited/magna-credit-app-backend/app/Http/Controllers/Controller.php:10)
[stacktrace]
#0 {main}
"} 
[2026-02-17 09:36:11] local.ERROR: Cannot redeclare class App\Http\Controllers\Api\AuthController (previously declared in D:\SecondYear\SemOne\MagnaCreditLiited\magna-credit-app-backend\app\Http\Controllers\Api\AuthController.php:8) {"exception":"[object] (Symfony\\Component\\ErrorHandler\\Error\\FatalError(code: 0): Cannot redeclare class App\\Http\\Controllers\\Api\\AuthController (previously declared in D:\\SecondYear\\SemOne\\MagnaCreditLiited\\magna-credit-app-backend\\app\\Http\\Controllers\\Api\\AuthController.php:8) at D:/SecondYear/SemOne/MagnaCreditLiited/magna-credit-app-backend/app/Http/Controllers/Controller.php:10)
[stacktrace]
#0 {main}
"} 
[2026-02-17 09:36:14] local.ERROR: Cannot redeclare class App\Http\Controllers\Api\AuthController (previously declared in D:\SecondYear\SemOne\MagnaCreditLiited\magna-credit-app-backend\app\Http\Controllers\Api\AuthController.php:8) {"exception":"[object] (Symfony\\Component\\ErrorHandler\\Error\\FatalError(code: 0): Cannot redeclare class App\\Http\\Controllers\\Api\\AuthController (previously declared in D:\\SecondYear\\SemOne\\MagnaCreditLiited\\magna-credit-app-backend\\app\\Http\\Controllers\\Api\\AuthController.php:8) at D:/SecondYear/SemOne/MagnaCreditLiited/magna-credit-app-backend/app/Http/Controllers/Controller.php:10)
[stacktrace]
#0 {main}
"} 
[2026-02-17 09:36:43] local.ERROR: Cannot redeclare class App\Http\Controllers\Api\AuthController (previously declared in D:\SecondYear\SemOne\MagnaCreditLiited\magna-credit-app-backend\app\Http\Controllers\Api\AuthController.php:8) {"exception":"[object] (Symfony\\Component\\ErrorHandler\\Error\\FatalError(code: 0): Cannot redeclare class App\\Http\\Controllers\\Api\\AuthController (previously declared in D:\\SecondYear\\SemOne\\MagnaCreditLiited\\magna-credit-app-backend\\app\\Http\\Controllers\\Api\\AuthController.php:8) at D:/SecondYear/SemOne/MagnaCreditLiited/magna-credit-app-backend/app/Http/Controllers/Controller.php:10)
[stacktrace]
#0 {main}
"} 
[2026-02-17 09:39:27] local.ERROR: Call to undefined method App\Models\User::createToken() {"exception":"[object] (BadMethodCallException(code: 0): Call to undefined method App\\Models\\User::createToken() at D:/SecondYear/SemOne/MagnaCreditLiited/magna-credit-app-backend/vendor/laravel/framework/src/Illuminate/Support/Traits/ForwardsCalls.php:67)
[stacktrace]
#0 D:/SecondYear/SemOne/MagnaCreditLiited/magna-credit-app-backend/vendor/laravel/framework/src/Illuminate/Support/Traits/ForwardsCalls.php(36): Illuminate/Database/Eloquent/Model::throwBadMethodCallException('createToken')
#1 D:/SecondYear/SemOne/MagnaCreditLiited/magna-credit-app-backend/vendor/laravel/framework/src/Illuminate/Database/Eloquent/Model.php(2540): Illuminate/Database/Eloquent/Model->forwardCallTo(Object(Illuminate/Database/Eloquent/Builder), 'createToken', Array)
#2 D:/SecondYear/SemOne/MagnaCreditLiited/magna-credit-app-backend/app/Http/Controllers/Api/AuthController.php(28): Illuminate/Database/Eloquent/Model->__call('createToken', Array)
#3 D:/SecondYear/SemOne/MagnaCreditLiited/magna-credit-app-backend/vendor/laravel/framework/src/Illuminate/Routing/Controller.php(54): App/Http/Controllers/Api/AuthController->register(Object(Illuminate/Http/Request))
#4 D:/SecondYear/SemOne/MagnaCreditLiited/magna-credit-app-backend/vendor/laravel/framework/src/Illuminate/Routing/ControllerDispatcher.php(43): Illuminate/Routing/Controller->callAction('register', Array)
#5 D:/SecondYear/SemOne/MagnaCreditLiited/magna-credit-app-backend/vendor/laravel/framework/src/Illuminate/Routing/Route.php(265): Illuminate/Routing/ControllerDispatcher->dispatch(Object(Illuminate/Routing/Route), Object(App/Http/Controllers/Api/AuthController), 'register')
#6 D:/SecondYear/SemOne/MagnaCreditLiited/magna-credit-app-backend/vendor/laravel/framework/src/Illuminate/Routing/Route.php(211): Illuminate/Routing/Route->runController()
#7 D:/SecondYear/SemOne/MagnaCreditLiited/magna-credit-app-backend/vendor/laravel/framework/src/Illuminate/Routing/Router.php(822): Illuminate/Routing/Route->run()
#8 D:/SecondYear/SemOne/MagnaCreditLiited/magna-credit-app-backend/vendor/laravel/framework/src/Illuminate/Pipeline/Pipeline.php(180): Illuminate/Routing/Router->{closure:Illuminate/Routing/Router::runRouteWithinStack():821}(Object(Illuminate/Http/Request))
#9 D:/SecondYear/SemOne/MagnaCreditLiited/magna-credit-app-backend/vendor/laravel/framework/src/Illuminate/Routing/Middleware/SubstituteBindings.php(50): Illuminate/Pipeline/Pipeline->{closure:Illuminate/Pipeline/Pipeline::prepareDestination():178}(Object(Illuminate/Http/Request))
#10 D:/SecondYear/SemOne/MagnaCreditLiited/magna-credit-app-backend/vendor/laravel/framework/src/Illuminate/Pipeline/Pipeline.php(219): Illuminate/Routing/Middleware/SubstituteBindings->handle(Object(Illuminate/Http/Request), Object(Closure))
#11 D:/SecondYear/SemOne/MagnaCreditLiited/magna-credit-app-backend/vendor/laravel/framework/src/Illuminate/Pipeline/Pipeline.php(137): Illuminate/Pipeline/Pipeline->{closure:{closure:Illuminate/Pipeline/Pipeline::carry():194}:195}(Object(Illuminate/Http/Request))
#12 D:/SecondYear/SemOne/MagnaCreditLiited/magna-credit-app-backend/vendor/laravel/framework/src/Illuminate/Routing/Router.php(821): Illuminate/Pipeline/Pipeline->then(Object(Closure))
#13 D:/SecondYear/SemOne/MagnaCreditLiited/magna-credit-app-backend/vendor/laravel/framework/src/Illuminate/Routing/Router.php(800): Illuminate/Routing/Router->runRouteWithinStack(Object(Illuminate/Routing/Route), Object(Illuminate/Http/Request))
#14 D:/SecondYear/SemOne/MagnaCreditLiited/magna-credit-app-backend/vendor/laravel/framework/src/Illuminate/Routing/Router.php(764): Illuminate/Routing/Router->runRoute(Object(Illuminate/Http/Request), Object(Illuminate/Routing/Route))
#15 D:/SecondYear/SemOne/MagnaCreditLiited/magna-credit-app-backend/vendor/laravel/framework/src/Illuminate/Routing/Router.php(753): Illuminate/Routing/Router->dispatchToRoute(Object(Illuminate/Http/Request))
#16 D:/SecondYear/SemOne/MagnaCreditLiited/magna-credit-app-backend/vendor/laravel/framework/src/Illuminate/Foundation/Http/Kernel.php(200): Illuminate/Routing/Router->dispatch(Object(Illuminate/Http/Request))
#17 D:/SecondYear/SemOne/MagnaCreditLiited/magna-credit-app-backend/vendor/laravel/framework/src/Illuminate/Pipeline/Pipeline.php(180): Illuminate/Foundation/Http/Kernel->{closure:Illuminate/Foundation/Http/Kernel::dispatchToRouter():197}(Object(Illuminate/Http/Request))
#18 D:/SecondYear/SemOne/MagnaCreditLiited/magna-credit-app-backend/vendor/livewire/livewire/src/Features/SupportDisablingBackButtonCache/DisableBackButtonCacheMiddleware.php(19): Illuminate/Pipeline/Pipeline->{closure:Illuminate/Pipeline/Pipeline::prepareDestination():178}(Object(Illuminate/Http/Request))
#19 D:/SecondYear/SemOne/MagnaCreditLiited/magna-credit-app-backend/vendor/laravel/framework/src/Illuminate/Pipeline/Pipeline.php(219): Livewire/Features/SupportDisablingBackButtonCache/DisableBackButtonCacheMiddleware->handle(Object(Illuminate/Http/Request), Object(Closure))
#20 D:/SecondYear/SemOne/MagnaCreditLiited/magna-credit-app-backend/vendor/laravel/framework/src/Illuminate/Foundation/Http/Middleware/TransformsRequest.php(21): Illuminate/Pipeline/Pipeline->{closure:{closure:Illuminate/Pipeline/Pipeline::carry():194}:195}(Object(Illuminate/Http/Request))
#21 D:/SecondYear/SemOne/MagnaCreditLiited/magna-credit-app-backend/vendor/laravel/framework/src/Illuminate/Foundation/Http/Middleware/ConvertEmptyStringsToNull.php(31): Illuminate/Foundation/Http/Middleware/TransformsRequest->handle(Object(Illuminate/Http/Request), Object(Closure))
#22 D:/SecondYear/SemOne/MagnaCreditLiited/magna-credit-app-backend/vendor/laravel/framework/src/Illuminate/Pipeline/Pipeline.php(219): Illuminate/Foundation/Http/Middleware/ConvertEmptyStringsToNull->handle(Object(Illuminate/Http/Request), Object(Closure))
#23 D:/SecondYear/SemOne/MagnaCreditLiited/magna-credit-app-backend/vendor/laravel/framework/src/Illuminate/Foundation/Http/Middleware/TransformsRequest.php(21): Illuminate/Pipeline/Pipeline->{closure:{closure:Illuminate/Pipeline/Pipeline::carry():194}:195}(Object(Illuminate/Http/Request))
#24 D:/SecondYear/SemOne/MagnaCreditLiited/magna-credit-app-backend/vendor/laravel/framework/src/Illuminate/Foundation/Http/Middleware/TrimStrings.php(51): Illuminate/Foundation/Http/Middleware/TransformsRequest->handle(Object(Illuminate/Http/Request), Object(Closure))
#25 D:/SecondYear/SemOne/MagnaCreditLiited/magna-credit-app-backend/vendor/laravel/framework/src/Illuminate/Pipeline/Pipeline.php(219): Illuminate/Foundation/Http/Middleware/TrimStrings->handle(Object(Illuminate/Http/Request), Object(Closure))
#26 D:/SecondYear/SemOne/MagnaCreditLiited/magna-credit-app-backend/vendor/laravel/framework/src/Illuminate/Http/Middleware/ValidatePostSize.php(27): Illuminate/Pipeline/Pipeline->{closure:{closure:Illuminate/Pipeline/Pipeline::carry():194}:195}(Object(Illuminate/Http/Request))
#27 D:/SecondYear/SemOne/MagnaCreditLiited/magna-credit-app-backend/vendor/laravel/framework/src/Illuminate/Pipeline/Pipeline.php(219): Illuminate/Http/Middleware/ValidatePostSize->handle(Object(Illuminate/Http/Request), Object(Closure))
#28 D:/SecondYear/SemOne/MagnaCreditLiited/magna-credit-app-backend/vendor/laravel/framework/src/Illuminate/Foundation/Http/Middleware/PreventRequestsDuringMaintenance.php(109): Illuminate/Pipeline/Pipeline->{closure:{closure:Illuminate/Pipeline/Pipeline::carry():194}:195}(Object(Illuminate/Http/Request))
#29 D:/SecondYear/SemOne/MagnaCreditLiited/magna-credit-app-backend/vendor/laravel/framework/src/Illuminate/Pipeline/Pipeline.php(219): Illuminate/Foundation/Http/Middleware/PreventRequestsDuringMaintenance->handle(Object(Illuminate/Http/Request), Object(Closure))
#30 D:/SecondYear/SemOne/MagnaCreditLiited/magna-credit-app-backend/vendor/laravel/framework/src/Illuminate/Http/Middleware/HandleCors.php(74): Illuminate/Pipeline/Pipeline->{closure:{closure:Illuminate/Pipeline/Pipeline::carry():194}:195}(Object(Illuminate/Http/Request))
#31 D:/SecondYear/SemOne/MagnaCreditLiited/magna-credit-app-backend/vendor/laravel/framework/src/Illuminate/Pipeline/Pipeline.php(219): Illuminate/Http/Middleware/HandleCors->handle(Object(Illuminate/Http/Request), Object(Closure))
#32 D:/SecondYear/SemOne/MagnaCreditLiited/magna-credit-app-backend/vendor/laravel/framework/src/Illuminate/Http/Middleware/TrustProxies.php(58): Illuminate/Pipeline/Pipeline->{closure:{closure:Illuminate/Pipeline/Pipeline::carry():194}:195}(Object(Illuminate/Http/Request))
#33 D:/SecondYear/SemOne/MagnaCreditLiited/magna-credit-app-backend/vendor/laravel/framework/src/Illuminate/Pipeline/Pipeline.php(219): Illuminate/Http/Middleware/TrustProxies->handle(Object(Illuminate/Http/Request), Object(Closure))
#34 D:/SecondYear/SemOne/MagnaCreditLiited/magna-credit-app-backend/vendor/laravel/framework/src/Illuminate/Foundation/Http/Middleware/InvokeDeferredCallbacks.php(22): Illuminate/Pipeline/Pipeline->{closure:{closure:Illuminate/Pipeline/Pipeline::carry():194}:195}(Object(Illuminate/Http/Request))
#35 D:/SecondYear/SemOne/MagnaCreditLiited/magna-credit-app-backend/vendor/laravel/framework/src/Illuminate/Pipeline/Pipeline.php(219): Illuminate/Foundation/Http/Middleware/InvokeDeferredCallbacks->handle(Object(Illuminate/Http/Request), Object(Closure))
#36 D:/SecondYear/SemOne/MagnaCreditLiited/magna-credit-app-backend/vendor/laravel/framework/src/Illuminate/Http/Middleware/ValidatePathEncoding.php(26): Illuminate/Pipeline/Pipeline->{closure:{closure:Illuminate/Pipeline/Pipeline::carry():194}:195}(Object(Illuminate/Http/Request))
#37 D:/SecondYear/SemOne/MagnaCreditLiited/magna-credit-app-backend/vendor/laravel/framework/src/Illuminate/Pipeline/Pipeline.php(219): Illuminate/Http/Middleware/ValidatePathEncoding->handle(Object(Illuminate/Http/Request), Object(Closure))
#38 D:/SecondYear/SemOne/MagnaCreditLiited/magna-credit-app-backend/vendor/laravel/framework/src/Illuminate/Pipeline/Pipeline.php(137): Illuminate/Pipeline/Pipeline->{closure:{closure:Illuminate/Pipeline/Pipeline::carry():194}:195}(Object(Illuminate/Http/Request))
#39 D:/SecondYear/SemOne/MagnaCreditLiited/magna-credit-app-backend/vendor/laravel/framework/src/Illuminate/Foundation/Http/Kernel.php(175): Illuminate/Pipeline/Pipeline->then(Object(Closure))
#40 D:/SecondYear/SemOne/MagnaCreditLiited/magna-credit-app-backend/vendor/laravel/framework/src/Illuminate/Foundation/Http/Kernel.php(144): Illuminate/Foundation/Http/Kernel->sendRequestThroughRouter(Object(Illuminate/Http/Request))
#41 D:/SecondYear/SemOne/MagnaCreditLiited/magna-credit-app-backend/vendor/laravel/framework/src/Illuminate/Foundation/Application.php(1220): Illuminate/Foundation/Http/Kernel->handle(Object(Illuminate/Http/Request))
#42 D:/SecondYear/SemOne/MagnaCreditLiited/magna-credit-app-backend/public/index.php(20): Illuminate/Foundation/Application->handleRequest(Object(Illuminate/Http/Request))
#43 D:/SecondYear/SemOne/MagnaCreditLiited/magna-credit-app-backend/vendor/laravel/framework/src/Illuminate/Foundation/resources/server.php(23): require_once('D://SecondYear//S...')
#44 {main}
"} 
[2026-02-17 09:56:48] local.ERROR: Call to undefined method App\Models\User::createToken() {"exception":"[object] (BadMethodCallException(code: 0): Call to undefined method App\\Models\\User::createToken() at D:/SecondYear/SemOne/MagnaCreditLiited/magna-credit-app-backend/vendor/laravel/framework/src/Illuminate/Support/Traits/ForwardsCalls.php:67)
[stacktrace]
#0 D:/SecondYear/SemOne/MagnaCreditLiited/magna-credit-app-backend/vendor/laravel/framework/src/Illuminate/Support/Traits/ForwardsCalls.php(36): Illuminate/Database/Eloquent/Model::throwBadMethodCallException('createToken')
#1 D:/SecondYear/SemOne/MagnaCreditLiited/magna-credit-app-backend/vendor/laravel/framework/src/Illuminate/Database/Eloquent/Model.php(2540): Illuminate/Database/Eloquent/Model->forwardCallTo(Object(Illuminate/Database/Eloquent/Builder), 'createToken', Array)
#2 D:/SecondYear/SemOne/MagnaCreditLiited/magna-credit-app-backend/app/Http/Controllers/Api/AuthController.php(28): Illuminate/Database/Eloquent/Model->__call('createToken', Array)
#3 D:/SecondYear/SemOne/MagnaCreditLiited/magna-credit-app-backend/vendor/laravel/framework/src/Illuminate/Routing/Controller.php(54): App/Http/Controllers/Api/AuthController->register(Object(Illuminate/Http/Request))
#4 D:/SecondYear/SemOne/MagnaCreditLiited/magna-credit-app-backend/vendor/laravel/framework/src/Illuminate/Routing/ControllerDispatcher.php(43): Illuminate/Routing/Controller->callAction('register', Array)
#5 D:/SecondYear/SemOne/MagnaCreditLiited/magna-credit-app-backend/vendor/laravel/framework/src/Illuminate/Routing/Route.php(265): Illuminate/Routing/ControllerDispatcher->dispatch(Object(Illuminate/Routing/Route), Object(App/Http/Controllers/Api/AuthController), 'register')
#6 D:/SecondYear/SemOne/MagnaCreditLiited/magna-credit-app-backend/vendor/laravel/framework/src/Illuminate/Routing/Route.php(211): Illuminate/Routing/Route->runController()
#7 D:/SecondYear/SemOne/MagnaCreditLiited/magna-credit-app-backend/vendor/laravel/framework/src/Illuminate/Routing/Router.php(822): Illuminate/Routing/Route->run()
#8 D:/SecondYear/SemOne/MagnaCreditLiited/magna-credit-app-backend/vendor/laravel/framework/src/Illuminate/Pipeline/Pipeline.php(180): Illuminate/Routing/Router->{closure:Illuminate/Routing/Router::runRouteWithinStack():821}(Object(Illuminate/Http/Request))
#9 D:/SecondYear/SemOne/MagnaCreditLiited/magna-credit-app-backend/vendor/laravel/framework/src/Illuminate/Routing/Middleware/SubstituteBindings.php(50): Illuminate/Pipeline/Pipeline->{closure:Illuminate/Pipeline/Pipeline::prepareDestination():178}(Object(Illuminate/Http/Request))
#10 D:/SecondYear/SemOne/MagnaCreditLiited/magna-credit-app-backend/vendor/laravel/framework/src/Illuminate/Pipeline/Pipeline.php(219): Illuminate/Routing/Middleware/SubstituteBindings->handle(Object(Illuminate/Http/Request), Object(Closure))
#11 D:/SecondYear/SemOne/MagnaCreditLiited/magna-credit-app-backend/vendor/laravel/framework/src/Illuminate/Pipeline/Pipeline.php(137): Illuminate/Pipeline/Pipeline->{closure:{closure:Illuminate/Pipeline/Pipeline::carry():194}:195}(Object(Illuminate/Http/Request))
#12 D:/SecondYear/SemOne/MagnaCreditLiited/magna-credit-app-backend/vendor/laravel/framework/src/Illuminate/Routing/Router.php(821): Illuminate/Pipeline/Pipeline->then(Object(Closure))
#13 D:/SecondYear/SemOne/MagnaCreditLiited/magna-credit-app-backend/vendor/laravel/framework/src/Illuminate/Routing/Router.php(800): Illuminate/Routing/Router->runRouteWithinStack(Object(Illuminate/Routing/Route), Object(Illuminate/Http/Request))
#14 D:/SecondYear/SemOne/MagnaCreditLiited/magna-credit-app-backend/vendor/laravel/framework/src/Illuminate/Routing/Router.php(764): Illuminate/Routing/Router->runRoute(Object(Illuminate/Http/Request), Object(Illuminate/Routing/Route))
#15 D:/SecondYear/SemOne/MagnaCreditLiited/magna-credit-app-backend/vendor/laravel/framework/src/Illuminate/Routing/Router.php(753): Illuminate/Routing/Router->dispatchToRoute(Object(Illuminate/Http/Request))
#16 D:/SecondYear/SemOne/MagnaCreditLiited/magna-credit-app-backend/vendor/laravel/framework/src/Illuminate/Foundation/Http/Kernel.php(200): Illuminate/Routing/Router->dispatch(Object(Illuminate/Http/Request))
#17 D:/SecondYear/SemOne/MagnaCreditLiited/magna-credit-app-backend/vendor/laravel/framework/src/Illuminate/Pipeline/Pipeline.php(180): Illuminate/Foundation/Http/Kernel->{closure:Illuminate/Foundation/Http/Kernel::dispatchToRouter():197}(Object(Illuminate/Http/Request))
#18 D:/SecondYear/SemOne/MagnaCreditLiited/magna-credit-app-backend/vendor/livewire/livewire/src/Features/SupportDisablingBackButtonCache/DisableBackButtonCacheMiddleware.php(19): Illuminate/Pipeline/Pipeline->{closure:Illuminate/Pipeline/Pipeline::prepareDestination():178}(Object(Illuminate/Http/Request))
#19 D:/SecondYear/SemOne/MagnaCreditLiited/magna-credit-app-backend/vendor/laravel/framework/src/Illuminate/Pipeline/Pipeline.php(219): Livewire/Features/SupportDisablingBackButtonCache/DisableBackButtonCacheMiddleware->handle(Object(Illuminate/Http/Request), Object(Closure))
#20 D:/SecondYear/SemOne/MagnaCreditLiited/magna-credit-app-backend/vendor/laravel/framework/src/Illuminate/Foundation/Http/Middleware/TransformsRequest.php(21): Illuminate/Pipeline/Pipeline->{closure:{closure:Illuminate/Pipeline/Pipeline::carry():194}:195}(Object(Illuminate/Http/Request))
#21 D:/SecondYear/SemOne/MagnaCreditLiited/magna-credit-app-backend/vendor/laravel/framework/src/Illuminate/Foundation/Http/Middleware/ConvertEmptyStringsToNull.php(31): Illuminate/Foundation/Http/Middleware/TransformsRequest->handle(Object(Illuminate/Http/Request), Object(Closure))
#22 D:/SecondYear/SemOne/MagnaCreditLiited/magna-credit-app-backend/vendor/laravel/framework/src/Illuminate/Pipeline/Pipeline.php(219): Illuminate/Foundation/Http/Middleware/ConvertEmptyStringsToNull->handle(Object(Illuminate/Http/Request), Object(Closure))
#23 D:/SecondYear/SemOne/MagnaCreditLiited/magna-credit-app-backend/vendor/laravel/framework/src/Illuminate/Foundation/Http/Middleware/TransformsRequest.php(21): Illuminate/Pipeline/Pipeline->{closure:{closure:Illuminate/Pipeline/Pipeline::carry():194}:195}(Object(Illuminate/Http/Request))
#24 D:/SecondYear/SemOne/MagnaCreditLiited/magna-credit-app-backend/vendor/laravel/framework/src/Illuminate/Foundation/Http/Middleware/TrimStrings.php(51): Illuminate/Foundation/Http/Middleware/TransformsRequest->handle(Object(Illuminate/Http/Request), Object(Closure))
#25 D:/SecondYear/SemOne/MagnaCreditLiited/magna-credit-app-backend/vendor/laravel/framework/src/Illuminate/Pipeline/Pipeline.php(219): Illuminate/Foundation/Http/Middleware/TrimStrings->handle(Object(Illuminate/Http/Request), Object(Closure))
#26 D:/SecondYear/SemOne/MagnaCreditLiited/magna-credit-app-backend/vendor/laravel/framework/src/Illuminate/Http/Middleware/ValidatePostSize.php(27): Illuminate/Pipeline/Pipeline->{closure:{closure:Illuminate/Pipeline/Pipeline::carry():194}:195}(Object(Illuminate/Http/Request))
#27 D:/SecondYear/SemOne/MagnaCreditLiited/magna-credit-app-backend/vendor/laravel/framework/src/Illuminate/Pipeline/Pipeline.php(219): Illuminate/Http/Middleware/ValidatePostSize->handle(Object(Illuminate/Http/Request), Object(Closure))
#28 D:/SecondYear/SemOne/MagnaCreditLiited/magna-credit-app-backend/vendor/laravel/framework/src/Illuminate/Foundation/Http/Middleware/PreventRequestsDuringMaintenance.php(109): Illuminate/Pipeline/Pipeline->{closure:{closure:Illuminate/Pipeline/Pipeline::carry():194}:195}(Object(Illuminate/Http/Request))
#29 D:/SecondYear/SemOne/MagnaCreditLiited/magna-credit-app-backend/vendor/laravel/framework/src/Illuminate/Pipeline/Pipeline.php(219): Illuminate/Foundation/Http/Middleware/PreventRequestsDuringMaintenance->handle(Object(Illuminate/Http/Request), Object(Closure))
#30 D:/SecondYear/SemOne/MagnaCreditLiited/magna-credit-app-backend/vendor/laravel/framework/src/Illuminate/Http/Middleware/HandleCors.php(74): Illuminate/Pipeline/Pipeline->{closure:{closure:Illuminate/Pipeline/Pipeline::carry():194}:195}(Object(Illuminate/Http/Request))
#31 D:/SecondYear/SemOne/MagnaCreditLiited/magna-credit-app-backend/vendor/laravel/framework/src/Illuminate/Pipeline/Pipeline.php(219): Illuminate/Http/Middleware/HandleCors->handle(Object(Illuminate/Http/Request), Object(Closure))
#32 D:/SecondYear/SemOne/MagnaCreditLiited/magna-credit-app-backend/vendor/laravel/framework/src/Illuminate/Http/Middleware/TrustProxies.php(58): Illuminate/Pipeline/Pipeline->{closure:{closure:Illuminate/Pipeline/Pipeline::carry():194}:195}(Object(Illuminate/Http/Request))
#33 D:/SecondYear/SemOne/MagnaCreditLiited/magna-credit-app-backend/vendor/laravel/framework/src/Illuminate/Pipeline/Pipeline.php(219): Illuminate/Http/Middleware/TrustProxies->handle(Object(Illuminate/Http/Request), Object(Closure))
#34 D:/SecondYear/SemOne/MagnaCreditLiited/magna-credit-app-backend/vendor/laravel/framework/src/Illuminate/Foundation/Http/Middleware/InvokeDeferredCallbacks.php(22): Illuminate/Pipeline/Pipeline->{closure:{closure:Illuminate/Pipeline/Pipeline::carry():194}:195}(Object(Illuminate/Http/Request))
#35 D:/SecondYear/SemOne/MagnaCreditLiited/magna-credit-app-backend/vendor/laravel/framework/src/Illuminate/Pipeline/Pipeline.php(219): Illuminate/Foundation/Http/Middleware/InvokeDeferredCallbacks->handle(Object(Illuminate/Http/Request), Object(Closure))
#36 D:/SecondYear/SemOne/MagnaCreditLiited/magna-credit-app-backend/vendor/laravel/framework/src/Illuminate/Http/Middleware/ValidatePathEncoding.php(26): Illuminate/Pipeline/Pipeline->{closure:{closure:Illuminate/Pipeline/Pipeline::carry():194}:195}(Object(Illuminate/Http/Request))
#37 D:/SecondYear/SemOne/MagnaCreditLiited/magna-credit-app-backend/vendor/laravel/framework/src/Illuminate/Pipeline/Pipeline.php(219): Illuminate/Http/Middleware/ValidatePathEncoding->handle(Object(Illuminate/Http/Request), Object(Closure))
#38 D:/SecondYear/SemOne/MagnaCreditLiited/magna-credit-app-backend/vendor/laravel/framework/src/Illuminate/Pipeline/Pipeline.php(137): Illuminate/Pipeline/Pipeline->{closure:{closure:Illuminate/Pipeline/Pipeline::carry():194}:195}(Object(Illuminate/Http/Request))
#39 D:/SecondYear/SemOne/MagnaCreditLiited/magna-credit-app-backend/vendor/laravel/framework/src/Illuminate/Foundation/Http/Kernel.php(175): Illuminate/Pipeline/Pipeline->then(Object(Closure))
#40 D:/SecondYear/SemOne/MagnaCreditLiited/magna-credit-app-backend/vendor/laravel/framework/src/Illuminate/Foundation/Http/Kernel.php(144): Illuminate/Foundation/Http/Kernel->sendRequestThroughRouter(Object(Illuminate/Http/Request))
#41 D:/SecondYear/SemOne/MagnaCreditLiited/magna-credit-app-backend/vendor/laravel/framework/src/Illuminate/Foundation/Application.php(1220): Illuminate/Foundation/Http/Kernel->handle(Object(Illuminate/Http/Request))
#42 D:/SecondYear/SemOne/MagnaCreditLiited/magna-credit-app-backend/public/index.php(20): Illuminate/Foundation/Application->handleRequest(Object(Illuminate/Http/Request))
#43 D:/SecondYear/SemOne/MagnaCreditLiited/magna-credit-app-backend/vendor/laravel/framework/src/Illuminate/Foundation/resources/server.php(23): require_once('D://SecondYear//S...')
#44 {main}
"} 
[2026-02-17 10:24:07] local.ERROR: Call to undefined method App\Models\User::createToken() {"exception":"[object] (BadMethodCallException(code: 0): Call to undefined method App\\Models\\User::createToken() at D:/SecondYear/SemOne/MagnaCreditLiited/magna-credit-app-backend/vendor/laravel/framework/src/Illuminate/Support/Traits/ForwardsCalls.php:67)
[stacktrace]
#0 D:/SecondYear/SemOne/MagnaCreditLiited/magna-credit-app-backend/vendor/laravel/framework/src/Illuminate/Support/Traits/ForwardsCalls.php(36): Illuminate/Database/Eloquent/Model::throwBadMethodCallException('createToken')
#1 D:/SecondYear/SemOne/MagnaCreditLiited/magna-credit-app-backend/vendor/laravel/framework/src/Illuminate/Database/Eloquent/Model.php(2540): Illuminate/Database/Eloquent/Model->forwardCallTo(Object(Illuminate/Database/Eloquent/Builder), 'createToken', Array)
#2 D:/SecondYear/SemOne/MagnaCreditLiited/magna-credit-app-backend/app/Http/Controllers/Api/AuthController.php(28): Illuminate/Database/Eloquent/Model->__call('createToken', Array)
#3 D:/SecondYear/SemOne/MagnaCreditLiited/magna-credit-app-backend/vendor/laravel/framework/src/Illuminate/Routing/Controller.php(54): App/Http/Controllers/Api/AuthController->register(Object(Illuminate/Http/Request))
#4 D:/SecondYear/SemOne/MagnaCreditLiited/magna-credit-app-backend/vendor/laravel/framework/src/Illuminate/Routing/ControllerDispatcher.php(43): Illuminate/Routing/Controller->callAction('register', Array)
#5 D:/SecondYear/SemOne/MagnaCreditLiited/magna-credit-app-backend/vendor/laravel/framework/src/Illuminate/Routing/Route.php(265): Illuminate/Routing/ControllerDispatcher->dispatch(Object(Illuminate/Routing/Route), Object(App/Http/Controllers/Api/AuthController), 'register')
#6 D:/SecondYear/SemOne/MagnaCreditLiited/magna-credit-app-backend/vendor/laravel/framework/src/Illuminate/Routing/Route.php(211): Illuminate/Routing/Route->runController()
#7 D:/SecondYear/SemOne/MagnaCreditLiited/magna-credit-app-backend/vendor/laravel/framework/src/Illuminate/Routing/Router.php(822): Illuminate/Routing/Route->run()
#8 D:/SecondYear/SemOne/MagnaCreditLiited/magna-credit-app-backend/vendor/laravel/framework/src/Illuminate/Pipeline/Pipeline.php(180): Illuminate/Routing/Router->{closure:Illuminate/Routing/Router::runRouteWithinStack():821}(Object(Illuminate/Http/Request))
#9 D:/SecondYear/SemOne/MagnaCreditLiited/magna-credit-app-backend/vendor/laravel/framework/src/Illuminate/Routing/Middleware/SubstituteBindings.php(50): Illuminate/Pipeline/Pipeline->{closure:Illuminate/Pipeline/Pipeline::prepareDestination():178}(Object(Illuminate/Http/Request))
#10 D:/SecondYear/SemOne/MagnaCreditLiited/magna-credit-app-backend/vendor/laravel/framework/src/Illuminate/Pipeline/Pipeline.php(219): Illuminate/Routing/Middleware/SubstituteBindings->handle(Object(Illuminate/Http/Request), Object(Closure))
#11 D:/SecondYear/SemOne/MagnaCreditLiited/magna-credit-app-backend/vendor/laravel/framework/src/Illuminate/Pipeline/Pipeline.php(137): Illuminate/Pipeline/Pipeline->{closure:{closure:Illuminate/Pipeline/Pipeline::carry():194}:195}(Object(Illuminate/Http/Request))
#12 D:/SecondYear/SemOne/MagnaCreditLiited/magna-credit-app-backend/vendor/laravel/framework/src/Illuminate/Routing/Router.php(821): Illuminate/Pipeline/Pipeline->then(Object(Closure))
#13 D:/SecondYear/SemOne/MagnaCreditLiited/magna-credit-app-backend/vendor/laravel/framework/src/Illuminate/Routing/Router.php(800): Illuminate/Routing/Router->runRouteWithinStack(Object(Illuminate/Routing/Route), Object(Illuminate/Http/Request))
#14 D:/SecondYear/SemOne/MagnaCreditLiited/magna-credit-app-backend/vendor/laravel/framework/src/Illuminate/Routing/Router.php(764): Illuminate/Routing/Router->runRoute(Object(Illuminate/Http/Request), Object(Illuminate/Routing/Route))
#15 D:/SecondYear/SemOne/MagnaCreditLiited/magna-credit-app-backend/vendor/laravel/framework/src/Illuminate/Routing/Router.php(753): Illuminate/Routing/Router->dispatchToRoute(Object(Illuminate/Http/Request))
#16 D:/SecondYear/SemOne/MagnaCreditLiited/magna-credit-app-backend/vendor/laravel/framework/src/Illuminate/Foundation/Http/Kernel.php(200): Illuminate/Routing/Router->dispatch(Object(Illuminate/Http/Request))
#17 D:/SecondYear/SemOne/MagnaCreditLiited/magna-credit-app-backend/vendor/laravel/framework/src/Illuminate/Pipeline/Pipeline.php(180): Illuminate/Foundation/Http/Kernel->{closure:Illuminate/Foundation/Http/Kernel::dispatchToRouter():197}(Object(Illuminate/Http/Request))
#18 D:/SecondYear/SemOne/MagnaCreditLiited/magna-credit-app-backend/vendor/livewire/livewire/src/Features/SupportDisablingBackButtonCache/DisableBackButtonCacheMiddleware.php(19): Illuminate/Pipeline/Pipeline->{closure:Illuminate/Pipeline/Pipeline::prepareDestination():178}(Object(Illuminate/Http/Request))
#19 D:/SecondYear/SemOne/MagnaCreditLiited/magna-credit-app-backend/vendor/laravel/framework/src/Illuminate/Pipeline/Pipeline.php(219): Livewire/Features/SupportDisablingBackButtonCache/DisableBackButtonCacheMiddleware->handle(Object(Illuminate/Http/Request), Object(Closure))
#20 D:/SecondYear/SemOne/MagnaCreditLiited/magna-credit-app-backend/vendor/laravel/framework/src/Illuminate/Foundation/Http/Middleware/TransformsRequest.php(21): Illuminate/Pipeline/Pipeline->{closure:{closure:Illuminate/Pipeline/Pipeline::carry():194}:195}(Object(Illuminate/Http/Request))
#21 D:/SecondYear/SemOne/MagnaCreditLiited/magna-credit-app-backend/vendor/laravel/framework/src/Illuminate/Foundation/Http/Middleware/ConvertEmptyStringsToNull.php(31): Illuminate/Foundation/Http/Middleware/TransformsRequest->handle(Object(Illuminate/Http/Request), Object(Closure))
#22 D:/SecondYear/SemOne/MagnaCreditLiited/magna-credit-app-backend/vendor/laravel/framework/src/Illuminate/Pipeline/Pipeline.php(219): Illuminate/Foundation/Http/Middleware/ConvertEmptyStringsToNull->handle(Object(Illuminate/Http/Request), Object(Closure))
#23 D:/SecondYear/SemOne/MagnaCreditLiited/magna-credit-app-backend/vendor/laravel/framework/src/Illuminate/Foundation/Http/Middleware/TransformsRequest.php(21): Illuminate/Pipeline/Pipeline->{closure:{closure:Illuminate/Pipeline/Pipeline::carry():194}:195}(Object(Illuminate/Http/Request))
#24 D:/SecondYear/SemOne/MagnaCreditLiited/magna-credit-app-backend/vendor/laravel/framework/src/Illuminate/Foundation/Http/Middleware/TrimStrings.php(51): Illuminate/Foundation/Http/Middleware/TransformsRequest->handle(Object(Illuminate/Http/Request), Object(Closure))
#25 D:/SecondYear/SemOne/MagnaCreditLiited/magna-credit-app-backend/vendor/laravel/framework/src/Illuminate/Pipeline/Pipeline.php(219): Illuminate/Foundation/Http/Middleware/TrimStrings->handle(Object(Illuminate/Http/Request), Object(Closure))
#26 D:/SecondYear/SemOne/MagnaCreditLiited/magna-credit-app-backend/vendor/laravel/framework/src/Illuminate/Http/Middleware/ValidatePostSize.php(27): Illuminate/Pipeline/Pipeline->{closure:{closure:Illuminate/Pipeline/Pipeline::carry():194}:195}(Object(Illuminate/Http/Request))
#27 D:/SecondYear/SemOne/MagnaCreditLiited/magna-credit-app-backend/vendor/laravel/framework/src/Illuminate/Pipeline/Pipeline.php(219): Illuminate/Http/Middleware/ValidatePostSize->handle(Object(Illuminate/Http/Request), Object(Closure))
#28 D:/SecondYear/SemOne/MagnaCreditLiited/magna-credit-app-backend/vendor/laravel/framework/src/Illuminate/Foundation/Http/Middleware/PreventRequestsDuringMaintenance.php(109): Illuminate/Pipeline/Pipeline->{closure:{closure:Illuminate/Pipeline/Pipeline::carry():194}:195}(Object(Illuminate/Http/Request))
#29 D:/SecondYear/SemOne/MagnaCreditLiited/magna-credit-app-backend/vendor/laravel/framework/src/Illuminate/Pipeline/Pipeline.php(219): Illuminate/Foundation/Http/Middleware/PreventRequestsDuringMaintenance->handle(Object(Illuminate/Http/Request), Object(Closure))
#30 D:/SecondYear/SemOne/MagnaCreditLiited/magna-credit-app-backend/vendor/laravel/framework/src/Illuminate/Http/Middleware/HandleCors.php(74): Illuminate/Pipeline/Pipeline->{closure:{closure:Illuminate/Pipeline/Pipeline::carry():194}:195}(Object(Illuminate/Http/Request))
#31 D:/SecondYear/SemOne/MagnaCreditLiited/magna-credit-app-backend/vendor/laravel/framework/src/Illuminate/Pipeline/Pipeline.php(219): Illuminate/Http/Middleware/HandleCors->handle(Object(Illuminate/Http/Request), Object(Closure))
#32 D:/SecondYear/SemOne/MagnaCreditLiited/magna-credit-app-backend/vendor/laravel/framework/src/Illuminate/Http/Middleware/TrustProxies.php(58): Illuminate/Pipeline/Pipeline->{closure:{closure:Illuminate/Pipeline/Pipeline::carry():194}:195}(Object(Illuminate/Http/Request))
#33 D:/SecondYear/SemOne/MagnaCreditLiited/magna-credit-app-backend/vendor/laravel/framework/src/Illuminate/Pipeline/Pipeline.php(219): Illuminate/Http/Middleware/TrustProxies->handle(Object(Illuminate/Http/Request), Object(Closure))
#34 D:/SecondYear/SemOne/MagnaCreditLiited/magna-credit-app-backend/vendor/laravel/framework/src/Illuminate/Foundation/Http/Middleware/InvokeDeferredCallbacks.php(22): Illuminate/Pipeline/Pipeline->{closure:{closure:Illuminate/Pipeline/Pipeline::carry():194}:195}(Object(Illuminate/Http/Request))
#35 D:/SecondYear/SemOne/MagnaCreditLiited/magna-credit-app-backend/vendor/laravel/framework/src/Illuminate/Pipeline/Pipeline.php(219): Illuminate/Foundation/Http/Middleware/InvokeDeferredCallbacks->handle(Object(Illuminate/Http/Request), Object(Closure))
#36 D:/SecondYear/SemOne/MagnaCreditLiited/magna-credit-app-backend/vendor/laravel/framework/src/Illuminate/Http/Middleware/ValidatePathEncoding.php(26): Illuminate/Pipeline/Pipeline->{closure:{closure:Illuminate/Pipeline/Pipeline::carry():194}:195}(Object(Illuminate/Http/Request))
#37 D:/SecondYear/SemOne/MagnaCreditLiited/magna-credit-app-backend/vendor/laravel/framework/src/Illuminate/Pipeline/Pipeline.php(219): Illuminate/Http/Middleware/ValidatePathEncoding->handle(Object(Illuminate/Http/Request), Object(Closure))
#38 D:/SecondYear/SemOne/MagnaCreditLiited/magna-credit-app-backend/vendor/laravel/framework/src/Illuminate/Pipeline/Pipeline.php(137): Illuminate/Pipeline/Pipeline->{closure:{closure:Illuminate/Pipeline/Pipeline::carry():194}:195}(Object(Illuminate/Http/Request))
#39 D:/SecondYear/SemOne/MagnaCreditLiited/magna-credit-app-backend/vendor/laravel/framework/src/Illuminate/Foundation/Http/Kernel.php(175): Illuminate/Pipeline/Pipeline->then(Object(Closure))
#40 D:/SecondYear/SemOne/MagnaCreditLiited/magna-credit-app-backend/vendor/laravel/framework/src/Illuminate/Foundation/Http/Kernel.php(144): Illuminate/Foundation/Http/Kernel->sendRequestThroughRouter(Object(Illuminate/Http/Request))
#41 D:/SecondYear/SemOne/MagnaCreditLiited/magna-credit-app-backend/vendor/laravel/framework/src/Illuminate/Foundation/Application.php(1220): Illuminate/Foundation/Http/Kernel->handle(Object(Illuminate/Http/Request))
#42 D:/SecondYear/SemOne/MagnaCreditLiited/magna-credit-app-backend/public/index.php(20): Illuminate/Foundation/Application->handleRequest(Object(Illuminate/Http/Request))
#43 D:/SecondYear/SemOne/MagnaCreditLiited/magna-credit-app-backend/vendor/laravel/framework/src/Illuminate/Foundation/resources/server.php(23): require_once('D://SecondYear//S...')
#44 {main}
"} 
[2026-02-17 10:54:03] local.ERROR: Call to undefined method App\Models\User::createToken() {"exception":"[object] (BadMethodCallException(code: 0): Call to undefined method App\\Models\\User::createToken() at D:/SecondYear/SemOne/MagnaCreditLiited/magna-credit-app-backend/vendor/laravel/framework/src/Illuminate/Support/Traits/ForwardsCalls.php:67)
[stacktrace]
#0 D:/SecondYear/SemOne/MagnaCreditLiited/magna-credit-app-backend/vendor/laravel/framework/src/Illuminate/Support/Traits/ForwardsCalls.php(36): Illuminate/Database/Eloquent/Model::throwBadMethodCallException('createToken')
#1 D:/SecondYear/SemOne/MagnaCreditLiited/magna-credit-app-backend/vendor/laravel/framework/src/Illuminate/Database/Eloquent/Model.php(2540): Illuminate/Database/Eloquent/Model->forwardCallTo(Object(Illuminate/Database/Eloquent/Builder), 'createToken', Array)
#2 D:/SecondYear/SemOne/MagnaCreditLiited/magna-credit-app-backend/app/Http/Controllers/Api/AuthController.php(28): Illuminate/Database/Eloquent/Model->__call('createToken', Array)
#3 D:/SecondYear/SemOne/MagnaCreditLiited/magna-credit-app-backend/vendor/laravel/framework/src/Illuminate/Routing/Controller.php(54): App/Http/Controllers/Api/AuthController->register(Object(Illuminate/Http/Request))
#4 D:/SecondYear/SemOne/MagnaCreditLiited/magna-credit-app-backend/vendor/laravel/framework/src/Illuminate/Routing/ControllerDispatcher.php(43): Illuminate/Routing/Controller->callAction('register', Array)
#5 D:/SecondYear/SemOne/MagnaCreditLiited/magna-credit-app-backend/vendor/laravel/framework/src/Illuminate/Routing/Route.php(265): Illuminate/Routing/ControllerDispatcher->dispatch(Object(Illuminate/Routing/Route), Object(App/Http/Controllers/Api/AuthController), 'register')
#6 D:/SecondYear/SemOne/MagnaCreditLiited/magna-credit-app-backend/vendor/laravel/framework/src/Illuminate/Routing/Route.php(211): Illuminate/Routing/Route->runController()
#7 D:/SecondYear/SemOne/MagnaCreditLiited/magna-credit-app-backend/vendor/laravel/framework/src/Illuminate/Routing/Router.php(822): Illuminate/Routing/Route->run()
#8 D:/SecondYear/SemOne/MagnaCreditLiited/magna-credit-app-backend/vendor/laravel/framework/src/Illuminate/Pipeline/Pipeline.php(180): Illuminate/Routing/Router->{closure:Illuminate/Routing/Router::runRouteWithinStack():821}(Object(Illuminate/Http/Request))
#9 D:/SecondYear/SemOne/MagnaCreditLiited/magna-credit-app-backend/vendor/laravel/framework/src/Illuminate/Routing/Middleware/SubstituteBindings.php(50): Illuminate/Pipeline/Pipeline->{closure:Illuminate/Pipeline/Pipeline::prepareDestination():178}(Object(Illuminate/Http/Request))
#10 D:/SecondYear/SemOne/MagnaCreditLiited/magna-credit-app-backend/vendor/laravel/framework/src/Illuminate/Pipeline/Pipeline.php(219): Illuminate/Routing/Middleware/SubstituteBindings->handle(Object(Illuminate/Http/Request), Object(Closure))
#11 D:/SecondYear/SemOne/MagnaCreditLiited/magna-credit-app-backend/vendor/laravel/framework/src/Illuminate/Pipeline/Pipeline.php(137): Illuminate/Pipeline/Pipeline->{closure:{closure:Illuminate/Pipeline/Pipeline::carry():194}:195}(Object(Illuminate/Http/Request))
#12 D:/SecondYear/SemOne/MagnaCreditLiited/magna-credit-app-backend/vendor/laravel/framework/src/Illuminate/Routing/Router.php(821): Illuminate/Pipeline/Pipeline->then(Object(Closure))
#13 D:/SecondYear/SemOne/MagnaCreditLiited/magna-credit-app-backend/vendor/laravel/framework/src/Illuminate/Routing/Router.php(800): Illuminate/Routing/Router->runRouteWithinStack(Object(Illuminate/Routing/Route), Object(Illuminate/Http/Request))
#14 D:/SecondYear/SemOne/MagnaCreditLiited/magna-credit-app-backend/vendor/laravel/framework/src/Illuminate/Routing/Router.php(764): Illuminate/Routing/Router->runRoute(Object(Illuminate/Http/Request), Object(Illuminate/Routing/Route))
#15 D:/SecondYear/SemOne/MagnaCreditLiited/magna-credit-app-backend/vendor/laravel/framework/src/Illuminate/Routing/Router.php(753): Illuminate/Routing/Router->dispatchToRoute(Object(Illuminate/Http/Request))
#16 D:/SecondYear/SemOne/MagnaCreditLiited/magna-credit-app-backend/vendor/laravel/framework/src/Illuminate/Foundation/Http/Kernel.php(200): Illuminate/Routing/Router->dispatch(Object(Illuminate/Http/Request))
#17 D:/SecondYear/SemOne/MagnaCreditLiited/magna-credit-app-backend/vendor/laravel/framework/src/Illuminate/Pipeline/Pipeline.php(180): Illuminate/Foundation/Http/Kernel->{closure:Illuminate/Foundation/Http/Kernel::dispatchToRouter():197}(Object(Illuminate/Http/Request))
#18 D:/SecondYear/SemOne/MagnaCreditLiited/magna-credit-app-backend/vendor/livewire/livewire/src/Features/SupportDisablingBackButtonCache/DisableBackButtonCacheMiddleware.php(19): Illuminate/Pipeline/Pipeline->{closure:Illuminate/Pipeline/Pipeline::prepareDestination():178}(Object(Illuminate/Http/Request))
#19 D:/SecondYear/SemOne/MagnaCreditLiited/magna-credit-app-backend/vendor/laravel/framework/src/Illuminate/Pipeline/Pipeline.php(219): Livewire/Features/SupportDisablingBackButtonCache/DisableBackButtonCacheMiddleware->handle(Object(Illuminate/Http/Request), Object(Closure))
#20 D:/SecondYear/SemOne/MagnaCreditLiited/magna-credit-app-backend/vendor/laravel/framework/src/Illuminate/Foundation/Http/Middleware/TransformsRequest.php(21): Illuminate/Pipeline/Pipeline->{closure:{closure:Illuminate/Pipeline/Pipeline::carry():194}:195}(Object(Illuminate/Http/Request))
#21 D:/SecondYear/SemOne/MagnaCreditLiited/magna-credit-app-backend/vendor/laravel/framework/src/Illuminate/Foundation/Http/Middleware/ConvertEmptyStringsToNull.php(31): Illuminate/Foundation/Http/Middleware/TransformsRequest->handle(Object(Illuminate/Http/Request), Object(Closure))
#22 D:/SecondYear/SemOne/MagnaCreditLiited/magna-credit-app-backend/vendor/laravel/framework/src/Illuminate/Pipeline/Pipeline.php(219): Illuminate/Foundation/Http/Middleware/ConvertEmptyStringsToNull->handle(Object(Illuminate/Http/Request), Object(Closure))
#23 D:/SecondYear/SemOne/MagnaCreditLiited/magna-credit-app-backend/vendor/laravel/framework/src/Illuminate/Foundation/Http/Middleware/TransformsRequest.php(21): Illuminate/Pipeline/Pipeline->{closure:{closure:Illuminate/Pipeline/Pipeline::carry():194}:195}(Object(Illuminate/Http/Request))
#24 D:/SecondYear/SemOne/MagnaCreditLiited/magna-credit-app-backend/vendor/laravel/framework/src/Illuminate/Foundation/Http/Middleware/TrimStrings.php(51): Illuminate/Foundation/Http/Middleware/TransformsRequest->handle(Object(Illuminate/Http/Request), Object(Closure))
#25 D:/SecondYear/SemOne/MagnaCreditLiited/magna-credit-app-backend/vendor/laravel/framework/src/Illuminate/Pipeline/Pipeline.php(219): Illuminate/Foundation/Http/Middleware/TrimStrings->handle(Object(Illuminate/Http/Request), Object(Closure))
#26 D:/SecondYear/SemOne/MagnaCreditLiited/magna-credit-app-backend/vendor/laravel/framework/src/Illuminate/Http/Middleware/ValidatePostSize.php(27): Illuminate/Pipeline/Pipeline->{closure:{closure:Illuminate/Pipeline/Pipeline::carry():194}:195}(Object(Illuminate/Http/Request))
#27 D:/SecondYear/SemOne/MagnaCreditLiited/magna-credit-app-backend/vendor/laravel/framework/src/Illuminate/Pipeline/Pipeline.php(219): Illuminate/Http/Middleware/ValidatePostSize->handle(Object(Illuminate/Http/Request), Object(Closure))
#28 D:/SecondYear/SemOne/MagnaCreditLiited/magna-credit-app-backend/vendor/laravel/framework/src/Illuminate/Foundation/Http/Middleware/PreventRequestsDuringMaintenance.php(109): Illuminate/Pipeline/Pipeline->{closure:{closure:Illuminate/Pipeline/Pipeline::carry():194}:195}(Object(Illuminate/Http/Request))
#29 D:/SecondYear/SemOne/MagnaCreditLiited/magna-credit-app-backend/vendor/laravel/framework/src/Illuminate/Pipeline/Pipeline.php(219): Illuminate/Foundation/Http/Middleware/PreventRequestsDuringMaintenance->handle(Object(Illuminate/Http/Request), Object(Closure))
#30 D:/SecondYear/SemOne/MagnaCreditLiited/magna-credit-app-backend/vendor/laravel/framework/src/Illuminate/Http/Middleware/HandleCors.php(74): Illuminate/Pipeline/Pipeline->{closure:{closure:Illuminate/Pipeline/Pipeline::carry():194}:195}(Object(Illuminate/Http/Request))
#31 D:/SecondYear/SemOne/MagnaCreditLiited/magna-credit-app-backend/vendor/laravel/framework/src/Illuminate/Pipeline/Pipeline.php(219): Illuminate/Http/Middleware/HandleCors->handle(Object(Illuminate/Http/Request), Object(Closure))
#32 D:/SecondYear/SemOne/MagnaCreditLiited/magna-credit-app-backend/vendor/laravel/framework/src/Illuminate/Http/Middleware/TrustProxies.php(58): Illuminate/Pipeline/Pipeline->{closure:{closure:Illuminate/Pipeline/Pipeline::carry():194}:195}(Object(Illuminate/Http/Request))
#33 D:/SecondYear/SemOne/MagnaCreditLiited/magna-credit-app-backend/vendor/laravel/framework/src/Illuminate/Pipeline/Pipeline.php(219): Illuminate/Http/Middleware/TrustProxies->handle(Object(Illuminate/Http/Request), Object(Closure))
#34 D:/SecondYear/SemOne/MagnaCreditLiited/magna-credit-app-backend/vendor/laravel/framework/src/Illuminate/Foundation/Http/Middleware/InvokeDeferredCallbacks.php(22): Illuminate/Pipeline/Pipeline->{closure:{closure:Illuminate/Pipeline/Pipeline::carry():194}:195}(Object(Illuminate/Http/Request))
#35 D:/SecondYear/SemOne/MagnaCreditLiited/magna-credit-app-backend/vendor/laravel/framework/src/Illuminate/Pipeline/Pipeline.php(219): Illuminate/Foundation/Http/Middleware/InvokeDeferredCallbacks->handle(Object(Illuminate/Http/Request), Object(Closure))
#36 D:/SecondYear/SemOne/MagnaCreditLiited/magna-credit-app-backend/vendor/laravel/framework/src/Illuminate/Http/Middleware/ValidatePathEncoding.php(26): Illuminate/Pipeline/Pipeline->{closure:{closure:Illuminate/Pipeline/Pipeline::carry():194}:195}(Object(Illuminate/Http/Request))
#37 D:/SecondYear/SemOne/MagnaCreditLiited/magna-credit-app-backend/vendor/laravel/framework/src/Illuminate/Pipeline/Pipeline.php(219): Illuminate/Http/Middleware/ValidatePathEncoding->handle(Object(Illuminate/Http/Request), Object(Closure))
#38 D:/SecondYear/SemOne/MagnaCreditLiited/magna-credit-app-backend/vendor/laravel/framework/src/Illuminate/Pipeline/Pipeline.php(137): Illuminate/Pipeline/Pipeline->{closure:{closure:Illuminate/Pipeline/Pipeline::carry():194}:195}(Object(Illuminate/Http/Request))
#39 D:/SecondYear/SemOne/MagnaCreditLiited/magna-credit-app-backend/vendor/laravel/framework/src/Illuminate/Foundation/Http/Kernel.php(175): Illuminate/Pipeline/Pipeline->then(Object(Closure))
#40 D:/SecondYear/SemOne/MagnaCreditLiited/magna-credit-app-backend/vendor/laravel/framework/src/Illuminate/Foundation/Http/Kernel.php(144): Illuminate/Foundation/Http/Kernel->sendRequestThroughRouter(Object(Illuminate/Http/Request))
#41 D:/SecondYear/SemOne/MagnaCreditLiited/magna-credit-app-backend/vendor/laravel/framework/src/Illuminate/Foundation/Application.php(1220): Illuminate/Foundation/Http/Kernel->handle(Object(Illuminate/Http/Request))
#42 D:/SecondYear/SemOne/MagnaCreditLiited/magna-credit-app-backend/public/index.php(20): Illuminate/Foundation/Application->handleRequest(Object(Illuminate/Http/Request))
#43 D:/SecondYear/SemOne/MagnaCreditLiited/magna-credit-app-backend/vendor/laravel/framework/src/Illuminate/Foundation/resources/server.php(23): require_once('D://SecondYear//S...')
#44 {main}
"} 
